1501787725264	geckodriver	INFO	Listening on 127.0.0.1:13739
1501787725755	mozprofile::profile	INFO	Using profile path C:\Users\hjj446\AppData\Local\Temp\rust_mozprofile.sUxWvMynKpbk
1501787725766	geckodriver::marionette	INFO	Starting browser C:\Program Files (x86)\Mozilla Firefox\firefox.exe with args []
1501787725783	geckodriver::marionette	INFO	Connecting to Marionette on localhost:13743
1501787726053	addons.manager	DEBUG	Application has been upgraded
1501787726069	addons.manager	DEBUG	Loaded provider scope for resource://gre/modules/addons/XPIProvider.jsm: ["XPIProvider"]
1501787726071	addons.manager	DEBUG	Loaded provider scope for resource://gre/modules/LightweightThemeManager.jsm: ["LightweightThemeManager"]
1501787726075	addons.manager	DEBUG	Loaded provider scope for resource://gre/modules/addons/GMPProvider.jsm
1501787726077	addons.manager	DEBUG	Loaded provider scope for resource://gre/modules/addons/PluginProvider.jsm
1501787726078	addons.manager	DEBUG	Starting provider: XPIProvider
1501787726078	addons.xpi	DEBUG	startup
1501787726080	addons.xpi	INFO	SystemAddonInstallLocation directory is missing
1501787726081	addons.xpi	INFO	Mapping aushelper@mozilla.org to C:\Program Files (x86)\Mozilla Firefox\browser\features\aushelper@mozilla.org.xpi
1501787726082	addons.xpi	INFO	Mapping e10srollout@mozilla.org to C:\Program Files (x86)\Mozilla Firefox\browser\features\e10srollout@mozilla.org.xpi
1501787726082	addons.xpi	INFO	Mapping firefox@getpocket.com to C:\Program Files (x86)\Mozilla Firefox\browser\features\firefox@getpocket.com.xpi
1501787726083	addons.xpi	INFO	Mapping webcompat@mozilla.org to C:\Program Files (x86)\Mozilla Firefox\browser\features\webcompat@mozilla.org.xpi
1501787726084	addons.xpi	INFO	Mapping {972ce4c6-7e08-4474-a285-3208198ce6fd} to C:\Program Files (x86)\Mozilla Firefox\browser\extensions\{972ce4c6-7e08-4474-a285-3208198ce6fd}.xpi
1501787726084	addons.xpi	DEBUG	checkForChanges
1501787726085	addons.xpi	DEBUG	Loaded add-on state from prefs: {}
1501787726086	addons.xpi	DEBUG	New add-on aushelper@mozilla.org in app-system-defaults
1501787726086	addons.xpi	DEBUG	getModTime: Recursive scan of aushelper@mozilla.org
1501787726087	addons.xpi	DEBUG	New add-on e10srollout@mozilla.org in app-system-defaults
1501787726087	addons.xpi	DEBUG	getModTime: Recursive scan of e10srollout@mozilla.org
1501787726088	addons.xpi	DEBUG	New add-on firefox@getpocket.com in app-system-defaults
1501787726088	addons.xpi	DEBUG	getModTime: Recursive scan of firefox@getpocket.com
1501787726089	addons.xpi	DEBUG	New add-on webcompat@mozilla.org in app-system-defaults
1501787726089	addons.xpi	DEBUG	getModTime: Recursive scan of webcompat@mozilla.org
1501787726090	addons.xpi	DEBUG	New add-on {972ce4c6-7e08-4474-a285-3208198ce6fd} in app-global
1501787726090	addons.xpi	DEBUG	getModTime: Recursive scan of {972ce4c6-7e08-4474-a285-3208198ce6fd}
1501787726091	addons.xpi	DEBUG	getInstallState changed: true, state: {"app-system-defaults":{"aushelper@mozilla.org":{"d":"C:\\Program Files (x86)\\Mozilla Firefox\\browser\\features\\aushelper@mozilla.org.xpi","st":1485371690000},"e10srollout@mozilla.org":{"d":"C:\\Program Files (x86)\\Mozilla Firefox\\browser\\features\\e10srollout@mozilla.org.xpi","st":1485371690000},"firefox@getpocket.com":{"d":"C:\\Program Files (x86)\\Mozilla Firefox\\browser\\features\\firefox@getpocket.com.xpi","st":1485371691000},"webcompat@mozilla.org":{"d":"C:\\Program Files (x86)\\Mozilla Firefox\\browser\\features\\webcompat@mozilla.org.xpi","st":1485371690000}},"app-global":{"{972ce4c6-7e08-4474-a285-3208198ce6fd}":{"d":"C:\\Program Files (x86)\\Mozilla Firefox\\browser\\extensions\\{972ce4c6-7e08-4474-a285-3208198ce6fd}.xpi","st":1485371690000}}}
1501787726099	addons.xpi-utils	DEBUG	Opening XPI database C:\Users\hjj446\AppData\Local\Temp\rust_mozprofile.sUxWvMynKpbk\extensions.json
1501787726100	addons.xpi-utils	DEBUG	New add-on aushelper@mozilla.org installed in app-system-defaults
*** Blocklist::_loadBlocklistFromFile: blocklist is disabled
1501787726110	DeferredSave.extensions.json	DEBUG	Save changes
1501787726110	addons.xpi-utils	DEBUG	New add-on e10srollout@mozilla.org installed in app-system-defaults
1501787726114	DeferredSave.extensions.json	DEBUG	Starting timer
1501787726116	DeferredSave.extensions.json	DEBUG	Save changes
1501787726116	addons.xpi-utils	DEBUG	New add-on firefox@getpocket.com installed in app-system-defaults
1501787726122	DeferredSave.extensions.json	DEBUG	Save changes
1501787726123	addons.xpi-utils	DEBUG	New add-on webcompat@mozilla.org installed in app-system-defaults
1501787726128	DeferredSave.extensions.json	DEBUG	Save changes
1501787726129	addons.xpi-utils	DEBUG	New add-on {972ce4c6-7e08-4474-a285-3208198ce6fd} installed in app-global
1501787726133	DeferredSave.extensions.json	DEBUG	Save changes
1501787726134	addons.manager	DEBUG	Registering startup change 'installed' for aushelper@mozilla.org
1501787726141	addons.xpi	DEBUG	Loading bootstrap scope from C:\Program Files (x86)\Mozilla Firefox\browser\features\aushelper@mozilla.org.xpi
1501787726149	addons.xpi	DEBUG	Calling bootstrap method install on aushelper@mozilla.org version 1.0
1501787726149	addons.xpi-utils	DEBUG	Make addon app-system-defaults:aushelper@mozilla.org visible
1501787726149	DeferredSave.extensions.json	DEBUG	Save changes
1501787726150	addons.manager	DEBUG	Registering startup change 'installed' for e10srollout@mozilla.org
1501787726151	addons.xpi	DEBUG	Loading bootstrap scope from C:\Program Files (x86)\Mozilla Firefox\browser\features\e10srollout@mozilla.org.xpi
1501787726154	addons.xpi	DEBUG	Calling bootstrap method install on e10srollout@mozilla.org version 1.7
1501787726155	addons.xpi-utils	DEBUG	Make addon app-system-defaults:e10srollout@mozilla.org visible
1501787726155	DeferredSave.extensions.json	DEBUG	Save changes
1501787726155	addons.manager	DEBUG	Registering startup change 'installed' for firefox@getpocket.com
1501787726156	addons.xpi	DEBUG	Loading bootstrap scope from C:\Program Files (x86)\Mozilla Firefox\browser\features\firefox@getpocket.com.xpi
1501787726162	addons.xpi	DEBUG	Calling bootstrap method install on firefox@getpocket.com version 1.0.5
1501787726162	addons.xpi-utils	DEBUG	Make addon app-system-defaults:firefox@getpocket.com visible
1501787726163	DeferredSave.extensions.json	DEBUG	Save changes
1501787726163	addons.manager	DEBUG	Registering startup change 'installed' for webcompat@mozilla.org
1501787726164	addons.xpi	DEBUG	Loading bootstrap scope from C:\Program Files (x86)\Mozilla Firefox\browser\features\webcompat@mozilla.org.xpi
1501787726167	addons.xpi	DEBUG	Calling bootstrap method install on webcompat@mozilla.org version 1.0
1501787726167	addons.xpi-utils	DEBUG	Make addon app-system-defaults:webcompat@mozilla.org visible
1501787726167	DeferredSave.extensions.json	DEBUG	Save changes
1501787726168	addons.xpi-utils	DEBUG	Make addon app-global:{972ce4c6-7e08-4474-a285-3208198ce6fd} visible
1501787726168	DeferredSave.extensions.json	DEBUG	Save changes
1501787726168	addons.xpi	DEBUG	Updating XPIState for {"id":"aushelper@mozilla.org","syncGUID":"{c0044623-f588-4a3e-bf17-60011b04589a}","location":"app-system-defaults","version":"1.0","type":"extension","internalName":null,"updateURL":null,"updateKey":null,"optionsURL":null,"optionsType":null,"aboutURL":null,"icons":{},"iconURL":null,"icon64URL":null,"defaultLocale":{"name":"Application Update Service Helper","description":"Sets value(s) in the update url based on custom checks.","creator":null,"homepageURL":null},"visible":true,"active":true,"userDisabled":false,"appDisabled":false,"descriptor":"C:\\Program Files (x86)\\Mozilla Firefox\\browser\\features\\aushelper@mozilla.org.xpi","installDate":1485371690000,"updateDate":1485371690000,"applyBackgroundUpdates":1,"bootstrap":true,"skinnable":false,"size":5975,"sourceURI":null,"releaseNotesURI":null,"softDisabled":false,"foreignInstall":false,"hasBinaryComponents":false,"strictCompatibility":false,"locales":[],"targetApplications":[{"id":"{ec8030f7-c20a-464f-9b0e-13a3a9e97384}","minVersion":"51.0.1","maxVersion":"51.*"}],"targetPlatforms":[],"multiprocessCompatible":true,"seen":true,"dependencies":[],"hasEmbeddedWebExtension":false,"mpcOptedOut":false}
1501787726168	addons.xpi	DEBUG	getModTime: Recursive scan of aushelper@mozilla.org
1501787726169	addons.xpi	DEBUG	Updating XPIState for {"id":"e10srollout@mozilla.org","syncGUID":"{efe50211-4fc2-4252-a9ef-31a842cab0de}","location":"app-system-defaults","version":"1.7","type":"extension","internalName":null,"updateURL":null,"updateKey":null,"optionsURL":null,"optionsType":null,"aboutURL":null,"icons":{},"iconURL":null,"icon64URL":null,"defaultLocale":{"name":"Multi-process staged rollout","description":"Staged rollout of Firefox multi-process feature.","creator":null,"homepageURL":null},"visible":true,"active":true,"userDisabled":false,"appDisabled":false,"descriptor":"C:\\Program Files (x86)\\Mozilla Firefox\\browser\\features\\e10srollout@mozilla.org.xpi","installDate":1485371690000,"updateDate":1485371690000,"applyBackgroundUpdates":1,"bootstrap":true,"skinnable":false,"size":6997,"sourceURI":null,"releaseNotesURI":null,"softDisabled":false,"foreignInstall":false,"hasBinaryComponents":false,"strictCompatibility":false,"locales":[],"targetApplications":[{"id":"{ec8030f7-c20a-464f-9b0e-13a3a9e97384}","minVersion":"51.0.1","maxVersion":"51.*"}],"targetPlatforms":[],"multiprocessCompatible":true,"seen":true,"dependencies":[],"hasEmbeddedWebExtension":false,"mpcOptedOut":false}
1501787726169	addons.xpi	DEBUG	getModTime: Recursive scan of e10srollout@mozilla.org
1501787726169	addons.xpi	DEBUG	Updating XPIState for {"id":"firefox@getpocket.com","syncGUID":"{c06c53c0-43e4-4f22-9a3e-31ee486a1748}","location":"app-system-defaults","version":"1.0.5","type":"extension","internalName":null,"updateURL":null,"updateKey":null,"optionsURL":null,"optionsType":null,"aboutURL":null,"icons":{},"iconURL":null,"icon64URL":null,"defaultLocale":{"name":"Pocket","description":"When you find something you want to view later, put it in Pocket.","creator":null,"homepageURL":null},"visible":true,"active":true,"userDisabled":false,"appDisabled":false,"descriptor":"C:\\Program Files (x86)\\Mozilla Firefox\\browser\\features\\firefox@getpocket.com.xpi","installDate":1485371691000,"updateDate":1485371691000,"applyBackgroundUpdates":1,"bootstrap":true,"skinnable":false,"size":921011,"sourceURI":null,"releaseNotesURI":null,"softDisabled":false,"foreignInstall":false,"hasBinaryComponents":false,"strictCompatibility":false,"locales":[],"targetApplications":[{"id":"{ec8030f7-c20a-464f-9b0e-13a3a9e97384}","minVersion":"51.0.1","maxVersion":"51.*"}],"targetPlatforms":[],"multiprocessCompatible":true,"seen":true,"dependencies":[],"hasEmbeddedWebExtension":false,"mpcOptedOut":false}
1501787726170	addons.xpi	DEBUG	getModTime: Recursive scan of firefox@getpocket.com
1501787726170	addons.xpi	DEBUG	Updating XPIState for {"id":"webcompat@mozilla.org","syncGUID":"{09ff5ac6-33ce-4d87-a236-5b3738116e37}","location":"app-system-defaults","version":"1.0","type":"extension","internalName":null,"updateURL":null,"updateKey":null,"optionsURL":null,"optionsType":null,"aboutURL":null,"icons":{},"iconURL":null,"icon64URL":null,"defaultLocale":{"name":"Web Compat","description":"Urgent post-release fixes for web compatibility.","creator":null,"homepageURL":null},"visible":true,"active":true,"userDisabled":false,"appDisabled":false,"descriptor":"C:\\Program Files (x86)\\Mozilla Firefox\\browser\\features\\webcompat@mozilla.org.xpi","installDate":1485371690000,"updateDate":1485371690000,"applyBackgroundUpdates":1,"bootstrap":true,"skinnable":false,"size":1570,"sourceURI":null,"releaseNotesURI":null,"softDisabled":false,"foreignInstall":false,"hasBinaryComponents":false,"strictCompatibility":false,"locales":[],"targetApplications":[{"id":"{ec8030f7-c20a-464f-9b0e-13a3a9e97384}","minVersion":"51.0.1","maxVersion":"51.*"}],"targetPlatforms":[],"multiprocessCompatible":true,"seen":true,"dependencies":[],"hasEmbeddedWebExtension":false,"mpcOptedOut":false}
1501787726170	addons.xpi	DEBUG	getModTime: Recursive scan of webcompat@mozilla.org
1501787726171	addons.xpi	DEBUG	Updating XPIState for {"id":"{972ce4c6-7e08-4474-a285-3208198ce6fd}","syncGUID":"{adefc102-777e-46c5-8b6e-52552e492bf2}","location":"app-global","version":"51.0.1","type":"theme","internalName":"classic/1.0","updateURL":null,"updateKey":null,"optionsURL":null,"optionsType":null,"aboutURL":null,"icons":{"32":"icon.png","48":"icon.png"},"iconURL":null,"icon64URL":null,"defaultLocale":{"name":"Default","description":"The default theme.","creator":"Mozilla","homepageURL":null,"contributors":["Mozilla Contributors"]},"visible":true,"active":true,"userDisabled":false,"appDisabled":false,"descriptor":"C:\\Program Files (x86)\\Mozilla Firefox\\browser\\extensions\\{972ce4c6-7e08-4474-a285-3208198ce6fd}.xpi","installDate":1485371690000,"updateDate":1485371690000,"applyBackgroundUpdates":1,"skinnable":true,"size":19708,"sourceURI":null,"releaseNotesURI":null,"softDisabled":false,"foreignInstall":false,"hasBinaryComponents":false,"strictCompatibility":true,"locales":[],"targetApplications":[{"id":"{ec8030f7-c20a-464f-9b0e-13a3a9e97384}","minVersion":"51.0.1","maxVersion":"51.0.1"}],"targetPlatforms":[],"seen":true,"dependencies":[],"hasEmbeddedWebExtension":false}
1501787726171	addons.xpi	DEBUG	getModTime: Recursive scan of {972ce4c6-7e08-4474-a285-3208198ce6fd}
1501787726172	DeferredSave.extensions.json	DEBUG	Save changes
1501787726172	addons.xpi	DEBUG	Updating database with changes to installed add-ons
1501787726172	addons.xpi-utils	DEBUG	Updating add-on states
1501787726173	addons.xpi-utils	DEBUG	Writing add-ons list
1501787726178	addons.xpi	DEBUG	Registering manifest for C:\Program Files (x86)\Mozilla Firefox\browser\features\aushelper@mozilla.org.xpi
1501787726179	addons.xpi	DEBUG	Calling bootstrap method startup on aushelper@mozilla.org version 1.0
1501787726182	addons.xpi	DEBUG	Registering manifest for C:\Program Files (x86)\Mozilla Firefox\browser\features\e10srollout@mozilla.org.xpi
1501787726183	addons.xpi	DEBUG	Calling bootstrap method startup on e10srollout@mozilla.org version 1.7
1501787726183	addons.xpi	DEBUG	Registering manifest for C:\Program Files (x86)\Mozilla Firefox\browser\features\firefox@getpocket.com.xpi
1501787726184	addons.xpi	DEBUG	Calling bootstrap method startup on firefox@getpocket.com version 1.0.5
1501787726186	addons.xpi	DEBUG	Registering manifest for C:\Program Files (x86)\Mozilla Firefox\browser\features\webcompat@mozilla.org.xpi
1501787726186	addons.xpi	DEBUG	Calling bootstrap method startup on webcompat@mozilla.org version 1.0
1501787726189	addons.manager	DEBUG	Registering shutdown blocker for XPIProvider
1501787726189	addons.manager	DEBUG	Provider finished startup: XPIProvider
1501787726189	addons.manager	DEBUG	Starting provider: LightweightThemeManager
1501787726189	addons.manager	DEBUG	Registering shutdown blocker for LightweightThemeManager
1501787726189	addons.manager	DEBUG	Provider finished startup: LightweightThemeManager
1501787726190	addons.manager	DEBUG	Starting provider: GMPProvider
1501787726201	addons.manager	DEBUG	Registering shutdown blocker for GMPProvider
1501787726201	addons.manager	DEBUG	Provider finished startup: GMPProvider
1501787726201	addons.manager	DEBUG	Starting provider: PluginProvider
1501787726201	addons.manager	DEBUG	Registering shutdown blocker for PluginProvider
1501787726201	addons.manager	DEBUG	Provider finished startup: PluginProvider
1501787726202	addons.manager	DEBUG	Completed startup sequence
1501787726608	Marionette	INFO	Listening on port 13743
1501787727169	addons.manager	DEBUG	Starting provider: <unnamed-provider>
1501787727170	addons.manager	DEBUG	Registering shutdown blocker for <unnamed-provider>
1501787727170	addons.manager	DEBUG	Provider finished startup: <unnamed-provider>
1501787727213	addons.manager	DEBUG	Starting provider: PreviousExperimentProvider
1501787727213	addons.manager	DEBUG	Registering shutdown blocker for PreviousExperimentProvider
1501787727214	addons.manager	DEBUG	Provider finished startup: PreviousExperimentProvider
1501787727217	DeferredSave.extensions.json	DEBUG	Starting write
1501787727485	DeferredSave.extensions.json	DEBUG	Write succeeded
1501787727485	addons.xpi-utils	DEBUG	XPI Database saved, setting schema version preference to 19
JavaScript error: resource://gre/components/crypto-SDR.js, line 66: : Component returned failure code: 0x805a1f9b [nsIPK11Token.initPassword]
JavaScript error: resource://gre/components/storage-json.js, line 90: Error: Initialization failed
JavaScript error: resource://gre/components/nsLoginManager.js, line 130: NS_ERROR_XPC_JAVASCRIPT_ERROR_WITH_DETAILS: [JavaScript Error: "Initialization failed" {file: "resource://gre/components/storage-json.js" line: 90}]'[JavaScript Error: "Initialization failed" {file: "resource://gre/components/storage-json.js" line: 90}]' when calling method: [nsILoginManagerStorage::initialize]
JavaScript warning: https://qat02.frontier.com/Contactus/app/ContactWizard/Directives/disabledvalidate.js?v=1.53, line 22: unreachable code after return statement
1501787738264	addons.productaddons	INFO	sending request to: https://aus5.mozilla.org/update/3/GMP/51.0.1/20170125094131/WINNT_x86-msvc-x64/en-US/release/Windows_NT%206.1.1.0%20(x64)/default/default/update.xml
1501787738792	addons.productaddons	INFO	Completed downloading document
1501787746455	addons.productaddons	INFO	downloadXHR File download. status=200
1501787746460	addons.productaddons	INFO	Downloaded file will be saved to C:\Users\hjj446\AppData\Local\Temp\tmpaddon
1501787748533	addons.productaddons	INFO	downloadXHR File download. status=200
1501787748538	addons.productaddons	INFO	Downloaded file will be saved to C:\Users\hjj446\AppData\Local\Temp\tmpaddon
1501787749661	addons.productaddons	INFO	downloadXHR File download. status=200
1501787749665	addons.productaddons	INFO	Downloaded file will be saved to C:\Users\hjj446\AppData\Local\Temp\tmpaddon
1501787756579	addons.xpi	DEBUG	Calling bootstrap method shutdown on webcompat@mozilla.org version 1.0
1501787756580	addons.xpi	DEBUG	Calling bootstrap method shutdown on firefox@getpocket.com version 1.0.5
1501787756581	addons.xpi	DEBUG	Calling bootstrap method shutdown on e10srollout@mozilla.org version 1.7
1501787756582	addons.xpi	DEBUG	Calling bootstrap method shutdown on aushelper@mozilla.org version 1.0
[Child 2208] WARNING: pipe error: 109: file c:/builds/moz2_slave/m-rel-w32-00000000000000000000/build/src/ipc/chromium/src/chrome/common/ipc_channel_win.cc, line 346

###!!! [Child][MessageChannel] Error: (msgtype=0x4A00C3,name=PContent::Msg_ConsoleMessage) Channel closing: too late to send/recv, messages will be lost

1501787756809	addons.manager	DEBUG	shutdown
1501787756809	addons.manager	DEBUG	Calling shutdown blocker for XPIProvider
1501787756809	addons.xpi	DEBUG	shutdown
1501787756810	addons.xpi-utils	DEBUG	shutdown
1501787756811	addons.manager	DEBUG	Calling shutdown blocker for LightweightThemeManager
1501787756812	addons.manager	DEBUG	Calling shutdown blocker for GMPProvider
1501787756815	addons.manager	DEBUG	Calling shutdown blocker for PluginProvider
1501787756816	addons.manager	DEBUG	Calling shutdown blocker for <unnamed-provider>
1501787756818	addons.manager	DEBUG	Calling shutdown blocker for PreviousExperimentProvider
1501787756825	addons.xpi	DEBUG	Notifying XPI shutdown observers
1501787756833	addons.manager	DEBUG	Async provider shutdown done
 is undefined
JavaScript warning: https://qat01.frontier.com/Contactus/app/ContactWizard/Directives/disabledvalidate.js?v=1.50, line 22: unreachable code after return statement
[Parent 292] WARNING: pipe error: 109: file c:/builds/moz2_slave/m-rel-w32-00000000000000000000/build/src/ipc/chromium/src/chrome/common/ipc_channel_win.cc, line 346
JavaScript warning: https://qat01.frontier.com/Contactus/app/ContactWizard/Directives/disabledvalidate.js?v=1.50, line 22: unreachable code after return statement
JavaScript error: https://d2qrdklrsxowl2.cloudfront.net/js/hapyak.js, line 439: Error: Script error for: partners.brightcovePlugin
http://requirejs.org/docs/errors.html#scripterror
JavaScript error: https://d2w3zkq33l1i26.cloudfront.net/static/20170208a/fid-fdv.min.js, line 17903: ReferenceError: moment is not defined
JavaScript warning: https://qat01.frontier.com/Contactus/app/ContactWizard/Directives/disabledvalidate.js?v=1.50, line 22: unreachable code after return statement
[Child 5964] WARNING: pipe error: 232: file c:/builds/moz2_slave/m-rel-w32-00000000000000000000/build/src/ipc/chromium/src/chrome/common/ipc_channel_win.cc, line 513
[Child 5964] ###!!! ABORT: Aborting on channel error.: file c:/builds/moz2_slave/m-rel-w32-00000000000000000000/build/src/ipc/glue/MessageChannel.cpp, line 2056
